CCS PCM C Compiler, Version 5.015, 5339               08-dic.-22 14:59

               Filename:   C:\Users\2im3q\OneDrive\Escuela\ico\septimo_semestre\Lab micros\proyecto_lab_micros\pryoyecto_codigo\proyecto.lst

               ROM used:   715 words (9%)
                           Largest free fragment is 2048
               RAM used:   28 (8%) at main() level
                           40 (11%) worst case
               Stack used: 7 locations (5 in main + 2 for interrupts)
               Stack size: 8

*
0000:  MOVLW  02
0001:  MOVWF  0A
0002:  GOTO   207
0003:  NOP
0004:  MOVWF  7F
0005:  SWAPF  03,W
0006:  CLRF   03
0007:  MOVWF  21
0008:  MOVF   0A,W
0009:  MOVWF  20
000A:  CLRF   0A
000B:  MOVF   04,W
000C:  MOVWF  22
000D:  MOVF   77,W
000E:  MOVWF  23
000F:  MOVF   78,W
0010:  MOVWF  24
0011:  MOVF   79,W
0012:  MOVWF  25
0013:  MOVF   7A,W
0014:  MOVWF  26
0015:  BSF    03.6
0016:  MOVF   0D,W
0017:  BCF    03.6
0018:  MOVWF  27
0019:  BSF    03.6
001A:  MOVF   0F,W
001B:  BCF    03.6
001C:  MOVWF  28
001D:  BSF    03.6
001E:  MOVF   0C,W
001F:  BCF    03.6
0020:  MOVWF  29
0021:  BSF    03.6
0022:  MOVF   0E,W
0023:  BCF    03.6
0024:  MOVWF  2A
0025:  BCF    03.7
0026:  BCF    03.5
0027:  BTFSS  0B.4
0028:  GOTO   02B
0029:  BTFSC  0B.1
002A:  GOTO   04C
002B:  MOVF   22,W
002C:  MOVWF  04
002D:  MOVF   23,W
002E:  MOVWF  77
002F:  MOVF   24,W
0030:  MOVWF  78
0031:  MOVF   25,W
0032:  MOVWF  79
0033:  MOVF   26,W
0034:  MOVWF  7A
0035:  MOVF   27,W
0036:  BSF    03.6
0037:  MOVWF  0D
0038:  BCF    03.6
0039:  MOVF   28,W
003A:  BSF    03.6
003B:  MOVWF  0F
003C:  BCF    03.6
003D:  MOVF   29,W
003E:  BSF    03.6
003F:  MOVWF  0C
0040:  BCF    03.6
0041:  MOVF   2A,W
0042:  BSF    03.6
0043:  MOVWF  0E
0044:  BCF    03.6
0045:  MOVF   20,W
0046:  MOVWF  0A
0047:  SWAPF  21,W
0048:  MOVWF  03
0049:  SWAPF  7F,F
004A:  SWAPF  7F,W
004B:  RETFIE
004C:  BCF    0A.3
004D:  BCF    0A.4
004E:  GOTO   064
.................... //frecuencia de pwm 3kh 
....................  
.................... #INCLUDE <16F887.H> 
.................... //////////// Standard Header file for the PIC16F887 device //////////////// 
.................... /////////////////////////////////////////////////////////////////////////// 
.................... ////        (C) Copyright 1996, 2013 Custom Computer Services          //// 
.................... //// This source code may only be used by licensed users of the CCS C  //// 
.................... //// compiler.  This source code may only be distributed to other      //// 
.................... //// licensed users of the CCS C compiler.  No other use, reproduction //// 
.................... //// or distribution is permitted without written permission.          //// 
.................... //// Derivative programs created using this software in object code    //// 
.................... //// form are not restricted in any way.                               //// 
.................... /////////////////////////////////////////////////////////////////////////// 
.................... #device PIC16F887 
*
0075:  DATA 0C,00
0076:  DATA 49,27
0077:  DATA D6,22
0078:  DATA 52,27
0079:  DATA 41,22
007A:  DATA 45,29
007B:  DATA 4F,10
007C:  DATA CC,20
007D:  DATA 42,10
007E:  DATA C4,22
007F:  DATA A0,26
0080:  DATA C9,21
0081:  DATA D2,27
0082:  DATA 53,00
0083:  RETLW  49
0084:  RETLW  6C
0085:  RETLW  75
0086:  RETLW  6D
0087:  RETLW  69
0088:  RETLW  6E
0089:  RETLW  61
008A:  RETLW  63
008B:  RETLW  69
008C:  RETLW  6F
008D:  RETLW  6E
008E:  RETLW  3A
008F:  RETLW  20
0090:  RETLW  00
0091:  RETLW  74
0092:  RETLW  65
0093:  RETLW  6D
0094:  RETLW  70
0095:  RETLW  65
0096:  RETLW  72
0097:  RETLW  61
0098:  RETLW  64
0099:  RETLW  75
009A:  RETLW  72
009B:  RETLW  61
009C:  RETLW  3A
009D:  RETLW  20
009E:  RETLW  00
*
0185:  MOVF   0B,W
0186:  MOVWF  35
0187:  BCF    0B.7
0188:  BSF    03.5
0189:  BSF    03.6
018A:  BSF    0C.7
018B:  BSF    0C.0
018C:  NOP
018D:  NOP
018E:  BCF    03.5
018F:  BCF    03.6
0190:  BTFSC  35.7
0191:  BSF    0B.7
0192:  BSF    03.6
0193:  MOVF   0C,W
0194:  ANDLW  7F
0195:  BTFSC  03.2
0196:  GOTO   1D9
0197:  BCF    03.6
0198:  MOVWF  35
0199:  BSF    03.6
019A:  MOVF   0D,W
019B:  BCF    03.6
019C:  MOVWF  36
019D:  BSF    03.6
019E:  MOVF   0F,W
019F:  BCF    03.6
01A0:  MOVWF  37
01A1:  MOVF   35,W
01A2:  MOVWF  38
01A3:  CALL   153
01A4:  MOVF   36,W
01A5:  BSF    03.6
01A6:  MOVWF  0D
01A7:  BCF    03.6
01A8:  MOVF   37,W
01A9:  BSF    03.6
01AA:  MOVWF  0F
01AB:  BCF    03.6
01AC:  MOVF   0B,W
01AD:  MOVWF  38
01AE:  BCF    0B.7
01AF:  BSF    03.5
01B0:  BSF    03.6
01B1:  BSF    0C.7
01B2:  BSF    0C.0
01B3:  NOP
01B4:  NOP
01B5:  BCF    03.5
01B6:  BCF    03.6
01B7:  BTFSC  38.7
01B8:  BSF    0B.7
01B9:  BSF    03.6
01BA:  RLF    0C,W
01BB:  RLF    0E,W
01BC:  ANDLW  7F
01BD:  BTFSC  03.2
01BE:  GOTO   1D9
01BF:  BCF    03.6
01C0:  MOVWF  35
01C1:  BSF    03.6
01C2:  MOVF   0D,W
01C3:  BCF    03.6
01C4:  MOVWF  36
01C5:  BSF    03.6
01C6:  MOVF   0F,W
01C7:  BCF    03.6
01C8:  MOVWF  37
01C9:  MOVF   35,W
01CA:  MOVWF  38
01CB:  CALL   153
01CC:  MOVF   36,W
01CD:  BSF    03.6
01CE:  MOVWF  0D
01CF:  BCF    03.6
01D0:  MOVF   37,W
01D1:  BSF    03.6
01D2:  MOVWF  0F
01D3:  INCF   0D,F
01D4:  BTFSC  03.2
01D5:  INCF   0F,F
01D6:  BCF    03.6
01D7:  GOTO   185
01D8:  BSF    03.6
01D9:  BCF    03.6
01DA:  RETURN
....................  
.................... #list 
....................  
.................... #USE DELAY(CLOCK=4000000) 
*
004F:  MOVLW  42
0050:  MOVWF  04
0051:  BCF    03.7
0052:  MOVF   00,W
0053:  BTFSC  03.2
0054:  GOTO   063
0055:  MOVLW  01
0056:  MOVWF  78
0057:  CLRF   77
0058:  DECFSZ 77,F
0059:  GOTO   058
005A:  DECFSZ 78,F
005B:  GOTO   057
005C:  MOVLW  4A
005D:  MOVWF  77
005E:  DECFSZ 77,F
005F:  GOTO   05E
0060:  GOTO   061
0061:  DECFSZ 00,F
0062:  GOTO   055
0063:  RETURN
.................... #INCLUDE <LCD.C> 
.................... /////////////////////////////////////////////////////////////////////////////// 
.................... ////                             LCD.C                                     //// 
.................... ////                 Driver for common LCD modules                         //// 
.................... ////                                                                       //// 
.................... ////  lcd_init()   Must be called before any other function.               //// 
.................... ////                                                                       //// 
.................... ////  lcd_putc(c)  Will display c on the next position of the LCD.         //// 
.................... ////                 \a  Set cursor position to upper left                 //// 
.................... ////                 \f  Clear display, set cursor to upper left           //// 
.................... ////                 \n  Go to start of second line                        //// 
.................... ////                 \b  Move back one position                            //// 
.................... ////              If LCD_EXTENDED_NEWLINE is defined, the \n character     //// 
.................... ////              will erase all remanining characters on the current      //// 
.................... ////              line, and move the cursor to the beginning of the next   //// 
.................... ////              line.                                                    //// 
.................... ////              If LCD_EXTENDED_NEWLINE is defined, the \r character     //// 
.................... ////              will move the cursor to the start of the current         //// 
.................... ////              line.                                                    //// 
.................... ////                                                                       //// 
.................... ////  lcd_gotoxy(x,y) Set write position on LCD (upper left is 1,1)        //// 
.................... ////                                                                       //// 
.................... ////  lcd_getc(x,y)   Returns character at position x,y on LCD             //// 
.................... ////                                                                       //// 
.................... ////  lcd_cursor_on(int1 on)   Turn the cursor on (on=TRUE) or off         //// 
.................... ////              (on=FALSE).                                              //// 
.................... ////                                                                       //// 
.................... ////  lcd_set_cgram_char(w, *p)   Write a custom character to the CGRAM.   //// 
.................... ////                                                                       //// 
.................... ////                                                                       //// 
.................... ////  CONFIGURATION                                                        //// 
.................... ////  The LCD can be configured in one of two ways: a.) port access or     //// 
.................... ////  b.) pin access.  Port access requires the entire 7 bit interface     //// 
.................... ////  connected to one GPIO port, and the data bits (D4:D7 of the LCD)     //// 
.................... ////  connected to sequential pins on the GPIO.  Pin access                //// 
.................... ////  has no requirements, all 7 bits of the control interface can         //// 
.................... ////  can be connected to any GPIO using several ports.                    //// 
.................... ////                                                                       //// 
.................... ////  To use port access, #define LCD_DATA_PORT to the SFR location of     //// 
.................... ////  of the GPIO port that holds the interface, -AND- edit LCD_PIN_MAP    //// 
.................... ////  of this file to configure the pin order.  If you are using a         //// 
.................... ////  baseline PIC (PCB), then LCD_OUTPUT_MAP and LCD_INPUT_MAP also must  //// 
.................... ////  be defined.                                                          //// 
.................... ////                                                                       //// 
.................... ////  Example of port access:                                              //// 
.................... ////     #define LCD_DATA_PORT getenv("SFR:PORTD")                         //// 
.................... ////                                                                       //// 
.................... ////  To use pin access, the following pins must be defined:               //// 
.................... ////     LCD_ENABLE_PIN                                                    //// 
.................... ////     LCD_RS_PIN                                                        //// 
.................... ////     LCD_RW_PIN                                                        //// 
.................... ////     LCD_DATA4                                                         //// 
.................... ////     LCD_DATA5                                                         //// 
.................... ////     LCD_DATA6                                                         //// 
.................... ////     LCD_DATA7                                                         //// 
.................... ////                                                                       //// 
.................... ////  Example of pin access:                                               //// 
.................... ////     #define LCD_ENABLE_PIN  PIN_E0                                    //// 
.................... ////     #define LCD_RS_PIN      PIN_E1                                    //// 
.................... ////     #define LCD_RW_PIN      PIN_E2                                    //// 
.................... ////     #define LCD_DATA4       PIN_D4                                    //// 
.................... ////     #define LCD_DATA5       PIN_D5                                    //// 
.................... ////     #define LCD_DATA6       PIN_D6                                    //// 
.................... ////     #define LCD_DATA7       PIN_D7                                    //// 
.................... ////                                                                       //// 
.................... /////////////////////////////////////////////////////////////////////////////// 
.................... ////        (C) Copyright 1996,2010 Custom Computer Services           //// 
.................... //// This source code may only be used by licensed users of the CCS C  //// 
.................... //// compiler.  This source code may only be distributed to other      //// 
.................... //// licensed users of the CCS C compiler.  No other use, reproduction //// 
.................... //// or distribution is permitted without written permission.          //// 
.................... //// Derivative programs created using this software in object code    //// 
.................... //// form are not restricted in any way.                               //// 
.................... /////////////////////////////////////////////////////////////////////////// 
....................  
.................... #ifndef __LCD_C__ 
.................... #define __LCD_C__ 
....................  
.................... // define the pinout. 
.................... // only required if port access is being used. 
.................... typedef struct   
.................... {                            // This structure is overlayed 
....................    int1 enable;           // on to an I/O port to gain 
....................    int1 rs;               // access to the LCD pins. 
....................    int1 rw;               // The bits are allocated from 
....................    int1 unused;           // low order up.  ENABLE will 
....................    unsigned int     data : 4;         // be LSB pin of that port. 
....................   #if defined(__PCD__)       // The port used will be LCD_DATA_PORT. 
....................    unsigned int    reserved: 8; 
....................   #endif 
.................... } LCD_PIN_MAP; 
....................  
.................... // this is to improve compatability with previous LCD drivers that accepted 
.................... // a define labeled 'use_portb_lcd' that configured the LCD onto port B. 
.................... #if ((defined(use_portb_lcd)) && (use_portb_lcd==TRUE)) 
....................  #define LCD_DATA_PORT getenv("SFR:PORTB") 
.................... #endif 
....................  
.................... #if defined(__PCB__) 
....................    // these definitions only need to be modified for baseline PICs. 
....................    // all other PICs use LCD_PIN_MAP or individual LCD_xxx pin definitions. 
.................... /*                                    EN, RS,   RW,   UNUSED,  DATA  */ 
....................  const LCD_PIN_MAP LCD_OUTPUT_MAP =  {0,  0,    0,    0,       0}; 
....................  const LCD_PIN_MAP LCD_INPUT_MAP =   {0,  0,    0,    0,       0xF}; 
.................... #endif 
....................  
.................... ////////////////////// END CONFIGURATION /////////////////////////////////// 
....................  
.................... #ifndef LCD_ENABLE_PIN 
....................    #define lcd_output_enable(x) lcdlat.enable=x 
....................    #define lcd_enable_tris()   lcdtris.enable=0 
.................... #else 
....................    #define lcd_output_enable(x) output_bit(LCD_ENABLE_PIN, x) 
....................    #define lcd_enable_tris()  output_drive(LCD_ENABLE_PIN) 
.................... #endif 
....................  
.................... #ifndef LCD_RS_PIN 
....................    #define lcd_output_rs(x) lcdlat.rs=x 
....................    #define lcd_rs_tris()   lcdtris.rs=0 
.................... #else 
....................    #define lcd_output_rs(x) output_bit(LCD_RS_PIN, x) 
....................    #define lcd_rs_tris()  output_drive(LCD_RS_PIN) 
.................... #endif 
....................  
.................... #ifndef LCD_RW_PIN 
....................    #define lcd_output_rw(x) lcdlat.rw=x 
....................    #define lcd_rw_tris()   lcdtris.rw=0 
.................... #else 
....................    #define lcd_output_rw(x) output_bit(LCD_RW_PIN, x) 
....................    #define lcd_rw_tris()  output_drive(LCD_RW_PIN) 
.................... #endif 
....................  
.................... // original version of this library incorrectly labeled LCD_DATA0 as LCD_DATA4, 
.................... // LCD_DATA1 as LCD_DATA5, and so on.  this block of code makes the driver 
.................... // compatible with any code written for the original library 
.................... #if (defined(LCD_DATA0) && defined(LCD_DATA1) && defined(LCD_DATA2) && defined(LCD_DATA3) && !defined(LCD_DATA4) && !defined(LCD_DATA5) && !defined(LCD_DATA6) && !defined(LCD_DATA7)) 
....................    #define  LCD_DATA4    LCD_DATA0 
....................    #define  LCD_DATA5    LCD_DATA1 
....................    #define  LCD_DATA6    LCD_DATA2 
....................    #define  LCD_DATA7    LCD_DATA3 
.................... #endif 
....................  
.................... #ifndef LCD_DATA4 
.................... #ifndef LCD_DATA_PORT 
....................    #if defined(__PCB__) 
....................       #define LCD_DATA_PORT      0x06     //portb 
....................       #define set_tris_lcd(x)   set_tris_b(x) 
....................    #else 
....................      #if defined(PIN_D0) 
....................       #define LCD_DATA_PORT      getenv("SFR:PORTD")     //portd 
....................      #else 
....................       #define LCD_DATA_PORT      getenv("SFR:PORTB")     //portb 
....................      #endif 
....................    #endif    
.................... #endif 
....................  
.................... #if defined(__PCB__) 
....................    LCD_PIN_MAP lcd, lcdlat; 
....................    #byte lcd = LCD_DATA_PORT 
....................    #byte lcdlat = LCD_DATA_PORT 
.................... #elif defined(__PCM__) 
....................    LCD_PIN_MAP lcd, lcdlat, lcdtris; 
....................    #byte lcd = LCD_DATA_PORT 
....................    #byte lcdlat = LCD_DATA_PORT 
....................    #byte lcdtris = LCD_DATA_PORT+0x80 
.................... #elif defined(__PCH__) 
....................    LCD_PIN_MAP lcd, lcdlat, lcdtris; 
....................    #byte lcd = LCD_DATA_PORT 
....................    #byte lcdlat = LCD_DATA_PORT+9 
....................    #byte lcdtris = LCD_DATA_PORT+0x12 
.................... #elif defined(__PCD__) 
....................    LCD_PIN_MAP lcd, lcdlat, lcdtris; 
....................    #word lcd = LCD_DATA_PORT 
....................    #word lcdlat = LCD_DATA_PORT+2 
....................    #word lcdtris = LCD_DATA_PORT-0x02 
.................... #endif 
.................... #endif   //LCD_DATA4 not defined 
....................  
.................... #ifndef LCD_TYPE 
....................    #define LCD_TYPE 2           // 0=5x7, 1=5x10, 2=2 lines 
.................... #endif 
....................  
.................... #ifndef LCD_LINE_TWO 
....................    #define LCD_LINE_TWO 0x40    // LCD RAM address for the second line 
.................... #endif 
....................  
.................... #ifndef LCD_LINE_LENGTH 
....................    #define LCD_LINE_LENGTH 20 
.................... #endif 
....................  
.................... unsigned int8 lcd_read_nibble(void); 
....................  
.................... unsigned int8 lcd_read_byte(void) 
.................... { 
....................    unsigned int8 low,high; 
....................  
....................  #if defined(__PCB__) 
....................    set_tris_lcd(LCD_INPUT_MAP); 
....................  #else 
....................   #if (defined(LCD_DATA4) && defined(LCD_DATA5) && defined(LCD_DATA6) && defined(LCD_DATA7)) 
....................    output_float(LCD_DATA4); 
....................    output_float(LCD_DATA5); 
....................    output_float(LCD_DATA6); 
....................    output_float(LCD_DATA7); 
....................   #else 
....................    lcdtris.data = 0xF; 
*
00B7:  MOVLW  0F
00B8:  BSF    03.5
00B9:  ANDWF  08,W
00BA:  IORLW  F0
00BB:  MOVWF  08
....................   #endif 
....................  #endif 
....................          
....................    lcd_output_rw(1); 
00BC:  BCF    03.5
00BD:  BSF    08.2
....................    delay_cycles(1); 
00BE:  NOP
....................    lcd_output_enable(1); 
00BF:  BSF    08.0
....................    delay_cycles(1); 
00C0:  NOP
....................    high = lcd_read_nibble(); 
00C1:  CALL   0AB
00C2:  MOVF   78,W
00C3:  MOVWF  40
....................        
....................    lcd_output_enable(0); 
00C4:  BCF    08.0
....................    delay_cycles(1); 
00C5:  NOP
....................    lcd_output_enable(1); 
00C6:  BSF    08.0
....................    delay_us(1); 
00C7:  NOP
....................    low = lcd_read_nibble(); 
00C8:  CALL   0AB
00C9:  MOVF   78,W
00CA:  MOVWF  3F
....................        
....................    lcd_output_enable(0); 
00CB:  BCF    08.0
....................  
....................  #if defined(__PCB__) 
....................    set_tris_lcd(LCD_OUTPUT_MAP); 
....................  #else 
....................   #if (defined(LCD_DATA4) && defined(LCD_DATA5) && defined(LCD_DATA6) && defined(LCD_DATA7)) 
....................    output_drive(LCD_DATA4); 
....................    output_drive(LCD_DATA5); 
....................    output_drive(LCD_DATA6); 
....................    output_drive(LCD_DATA7); 
....................   #else 
....................    lcdtris.data = 0x0; 
00CC:  MOVLW  0F
00CD:  BSF    03.5
00CE:  ANDWF  08,W
00CF:  MOVWF  08
....................   #endif 
....................  #endif 
....................  
....................    return( (high<<4) | low); 
00D0:  BCF    03.5
00D1:  SWAPF  40,W
00D2:  MOVWF  77
00D3:  MOVLW  F0
00D4:  ANDWF  77,F
00D5:  MOVF   77,W
00D6:  IORWF  3F,W
00D7:  MOVWF  78
.................... } 
....................  
.................... unsigned int8 lcd_read_nibble(void) 
.................... { 
....................   #if (defined(LCD_DATA4) && defined(LCD_DATA5) && defined(LCD_DATA6) && defined(LCD_DATA7)) 
....................    unsigned int8 n = 0x00; 
....................  
....................    /* Read the data port */ 
....................    n |= input(LCD_DATA4); 
....................    n |= input(LCD_DATA5) << 1; 
....................    n |= input(LCD_DATA6) << 2; 
....................    n |= input(LCD_DATA7) << 3; 
....................     
....................    return(n); 
....................   #else 
....................    return(lcd.data); 
*
00AB:  MOVF   08,W
00AC:  MOVWF  77
00AD:  SWAPF  08,W
00AE:  ANDLW  0F
00AF:  MOVWF  78
....................   #endif 
00B0:  RETURN
.................... } 
....................  
.................... void lcd_send_nibble(unsigned int8 n) 
.................... { 
....................   #if (defined(LCD_DATA4) && defined(LCD_DATA5) && defined(LCD_DATA6) && defined(LCD_DATA7)) 
....................    /* Write to the data port */ 
....................    output_bit(LCD_DATA4, bit_test(n, 0)); 
....................    output_bit(LCD_DATA5, bit_test(n, 1)); 
....................    output_bit(LCD_DATA6, bit_test(n, 2)); 
....................    output_bit(LCD_DATA7, bit_test(n, 3)); 
....................   #else       
....................    lcdlat.data = n; 
*
009F:  SWAPF  40,W
00A0:  ANDLW  F0
00A1:  MOVWF  77
00A2:  MOVLW  0F
00A3:  ANDWF  08,W
00A4:  IORWF  77,W
00A5:  MOVWF  08
....................   #endif 
....................        
....................    delay_cycles(1); 
00A6:  NOP
....................    lcd_output_enable(1); 
00A7:  BSF    08.0
....................    delay_us(2); 
00A8:  GOTO   0A9
....................    lcd_output_enable(0); 
00A9:  BCF    08.0
00AA:  RETURN
.................... } 
....................  
.................... void lcd_send_byte(unsigned int8 address, unsigned int8 n) 
.................... { 
....................   #if defined(__PCB__) 
....................    set_tris_lcd(LCD_OUTPUT_MAP); 
....................   #else 
....................    lcd_enable_tris(); 
*
00B1:  BSF    03.5
00B2:  BCF    08.0
....................    lcd_rs_tris(); 
00B3:  BCF    08.1
....................    lcd_rw_tris(); 
00B4:  BCF    08.2
....................   #endif 
....................  
....................    lcd_output_rs(0); 
00B5:  BCF    03.5
00B6:  BCF    08.1
....................    while ( bit_test(lcd_read_byte(),7) ) ; 
*
00D8:  MOVF   78,W
00D9:  MOVWF  3F
00DA:  BTFSC  3F.7
00DB:  GOTO   0B7
....................    lcd_output_rs(address); 
00DC:  BTFSS  3D.0
00DD:  BCF    08.1
00DE:  BTFSC  3D.0
00DF:  BSF    08.1
....................    delay_cycles(1); 
00E0:  NOP
....................    lcd_output_rw(0); 
00E1:  BCF    08.2
....................    delay_cycles(1); 
00E2:  NOP
....................    lcd_output_enable(0); 
00E3:  BCF    08.0
....................    lcd_send_nibble(n >> 4); 
00E4:  SWAPF  3E,W
00E5:  MOVWF  3F
00E6:  MOVLW  0F
00E7:  ANDWF  3F,F
00E8:  MOVF   3F,W
00E9:  MOVWF  40
00EA:  CALL   09F
....................    lcd_send_nibble(n & 0xf); 
00EB:  MOVF   3E,W
00EC:  ANDLW  0F
00ED:  MOVWF  3F
00EE:  MOVWF  40
00EF:  CALL   09F
00F0:  RETURN
.................... } 
....................  
.................... #if defined(LCD_EXTENDED_NEWLINE) 
.................... unsigned int8 g_LcdX, g_LcdY; 
.................... #endif 
....................  
.................... void lcd_init(void)  
.................... { 
....................    unsigned int8 i; 
....................    unsigned int8 LCD_INIT_STRING[4] = {0x20 | (LCD_TYPE << 2), 0xc, 1, 6}; 
00F1:  MOVLW  28
00F2:  MOVWF  36
00F3:  MOVLW  0C
00F4:  MOVWF  37
00F5:  MOVLW  01
00F6:  MOVWF  38
00F7:  MOVLW  06
00F8:  MOVWF  39
....................                              // These bytes need to be sent to the LCD 
....................                              // to start it up. 
....................     
....................  
....................    lcd_output_enable(0); 
00F9:  BCF    08.0
....................    lcd_output_rs(0); 
00FA:  BCF    08.1
....................    lcd_output_rw(0); 
00FB:  BCF    08.2
....................  
....................  #if defined(__PCB__) 
....................    set_tris_lcd(LCD_OUTPUT_MAP); 
....................  #else 
....................   #if (defined(LCD_DATA4) && defined(LCD_DATA5) && defined(LCD_DATA6) && defined(LCD_DATA7)) 
....................    output_drive(LCD_DATA4); 
....................    output_drive(LCD_DATA5); 
....................    output_drive(LCD_DATA6); 
....................    output_drive(LCD_DATA7); 
....................   #else 
....................    lcdtris.data = 0x0; 
00FC:  MOVLW  0F
00FD:  BSF    03.5
00FE:  ANDWF  08,W
00FF:  MOVWF  08
....................   #endif 
....................    lcd_enable_tris(); 
0100:  BCF    08.0
....................    lcd_rs_tris(); 
0101:  BCF    08.1
....................    lcd_rw_tris(); 
0102:  BCF    08.2
0103:  BCF    03.5
0104:  CLRF   2B
0105:  BTFSC  0B.7
0106:  BSF    2B.7
0107:  BCF    0B.7
....................  #endif 
....................      
....................    delay_ms(15); 
0108:  MOVLW  0F
0109:  MOVWF  42
010A:  CALL   04F
010B:  BTFSC  2B.7
010C:  BSF    0B.7
....................    for(i=1;i<=3;++i) 
010D:  MOVLW  01
010E:  MOVWF  35
010F:  MOVF   35,W
0110:  SUBLW  03
0111:  BTFSS  03.0
0112:  GOTO   121
....................    { 
....................        lcd_send_nibble(3); 
0113:  MOVLW  03
0114:  MOVWF  40
0115:  CALL   09F
0116:  CLRF   2B
0117:  BTFSC  0B.7
0118:  BSF    2B.7
0119:  BCF    0B.7
....................        delay_ms(5); 
011A:  MOVLW  05
011B:  MOVWF  42
011C:  CALL   04F
011D:  BTFSC  2B.7
011E:  BSF    0B.7
011F:  INCF   35,F
0120:  GOTO   10F
....................    } 
....................     
....................    lcd_send_nibble(2); 
0121:  MOVLW  02
0122:  MOVWF  40
0123:  CALL   09F
0124:  CLRF   2B
0125:  BTFSC  0B.7
0126:  BSF    2B.7
0127:  BCF    0B.7
....................    delay_ms(5); 
0128:  MOVLW  05
0129:  MOVWF  42
012A:  CALL   04F
012B:  BTFSC  2B.7
012C:  BSF    0B.7
....................    for(i=0;i<=3;++i) 
012D:  CLRF   35
012E:  MOVF   35,W
012F:  SUBLW  03
0130:  BTFSS  03.0
0131:  GOTO   13E
....................       lcd_send_byte(0,LCD_INIT_STRING[i]); 
0132:  MOVLW  36
0133:  ADDWF  35,W
0134:  MOVWF  04
0135:  BCF    03.7
0136:  MOVF   00,W
0137:  MOVWF  3A
0138:  CLRF   3D
0139:  MOVF   3A,W
013A:  MOVWF  3E
013B:  CALL   0B1
....................  
....................   #if defined(LCD_EXTENDED_NEWLINE) 
013C:  INCF   35,F
013D:  GOTO   12E
013E:  BCF    0A.3
013F:  BCF    0A.4
0140:  GOTO   242 (RETURN)
....................    g_LcdX = 0; 
....................    g_LcdY = 0; 
....................   #endif 
.................... } 
....................  
.................... void lcd_gotoxy(unsigned int8 x, unsigned int8 y) 
.................... { 
....................    unsigned int8 address; 
....................     
....................    if(y!=1) 
0141:  DECFSZ 3A,W
0142:  GOTO   144
0143:  GOTO   147
....................       address=LCD_LINE_TWO; 
0144:  MOVLW  40
0145:  MOVWF  3B
0146:  GOTO   148
....................    else 
....................       address=0; 
0147:  CLRF   3B
....................       
....................    address+=x-1; 
0148:  MOVLW  01
0149:  SUBWF  39,W
014A:  ADDWF  3B,F
....................    lcd_send_byte(0,0x80|address); 
014B:  MOVF   3B,W
014C:  IORLW  80
014D:  MOVWF  3C
014E:  CLRF   3D
014F:  MOVF   3C,W
0150:  MOVWF  3E
0151:  CALL   0B1
....................  
....................   #if defined(LCD_EXTENDED_NEWLINE) 
0152:  RETURN
....................    g_LcdX = x - 1; 
....................    g_LcdY = y - 1; 
....................   #endif 
.................... } 
....................  
.................... void lcd_putc(char c) 
.................... { 
....................    switch (c) 
0153:  MOVF   38,W
0154:  XORLW  07
0155:  BTFSC  03.2
0156:  GOTO   161
0157:  XORLW  0B
0158:  BTFSC  03.2
0159:  GOTO   166
015A:  XORLW  06
015B:  BTFSC  03.2
015C:  GOTO   174
015D:  XORLW  02
015E:  BTFSC  03.2
015F:  GOTO   17A
0160:  GOTO   17F
....................    { 
....................       case '\a'   :  lcd_gotoxy(1,1);     break; 
0161:  MOVLW  01
0162:  MOVWF  39
0163:  MOVWF  3A
0164:  CALL   141
0165:  GOTO   184
....................  
....................       case '\f'   :  lcd_send_byte(0,1); 
0166:  CLRF   3D
0167:  MOVLW  01
0168:  MOVWF  3E
0169:  CALL   0B1
016A:  CLRF   2B
016B:  BTFSC  0B.7
016C:  BSF    2B.7
016D:  BCF    0B.7
....................                      delay_ms(2); 
016E:  MOVLW  02
016F:  MOVWF  42
0170:  CALL   04F
0171:  BTFSC  2B.7
0172:  BSF    0B.7
....................                     #if defined(LCD_EXTENDED_NEWLINE) 
....................                      g_LcdX = 0; 
....................                      g_LcdY = 0; 
....................                     #endif 
....................                      break; 
0173:  GOTO   184
....................  
....................      #if defined(LCD_EXTENDED_NEWLINE) 
....................       case '\r'   :  lcd_gotoxy(1, g_LcdY+1);   break; 
....................       case '\n'   : 
....................          while (g_LcdX++ < LCD_LINE_LENGTH) 
....................          { 
....................             lcd_send_byte(1, ' '); 
....................          } 
....................          lcd_gotoxy(1, g_LcdY+2); 
....................          break; 
....................      #else 
....................       case '\n'   : lcd_gotoxy(1,2);        break; 
0174:  MOVLW  01
0175:  MOVWF  39
0176:  MOVLW  02
0177:  MOVWF  3A
0178:  CALL   141
0179:  GOTO   184
....................      #endif 
....................       
....................       case '\b'   : lcd_send_byte(0,0x10);  break; 
017A:  CLRF   3D
017B:  MOVLW  10
017C:  MOVWF  3E
017D:  CALL   0B1
017E:  GOTO   184
....................       
....................      #if defined(LCD_EXTENDED_NEWLINE) 
....................       default     :  
....................          if (g_LcdX < LCD_LINE_LENGTH) 
....................          { 
....................             lcd_send_byte(1, c); 
....................             g_LcdX++; 
....................          } 
....................          break; 
....................      #else 
....................       default     : lcd_send_byte(1,c);     break; 
017F:  MOVLW  01
0180:  MOVWF  3D
0181:  MOVF   38,W
0182:  MOVWF  3E
0183:  CALL   0B1
....................      #endif 
....................    } 
0184:  RETURN
.................... } 
....................   
.................... char lcd_getc(unsigned int8 x, unsigned int8 y) 
.................... { 
....................    char value; 
....................  
....................    lcd_gotoxy(x,y); 
....................    while ( bit_test(lcd_read_byte(),7) ); // wait until busy flag is low 
....................    lcd_output_rs(1); 
....................    value = lcd_read_byte(); 
....................    lcd_output_rs(0); 
....................     
....................    return(value); 
.................... } 
....................  
.................... // write a custom character to the ram 
.................... // which is 0-7 and specifies which character array we are modifying. 
.................... // ptr points to an array of 8 bytes, where each byte is the next row of 
.................... //    pixels.  only bits 0-4 are used.  the last row is the cursor row, and 
.................... //    usually you will want to leave this byte 0x00. 
.................... void lcd_set_cgram_char(unsigned int8 which, unsigned int8 *ptr) 
.................... { 
....................    unsigned int i; 
....................  
....................    which <<= 3; 
....................    which &= 0x38; 
....................  
....................    lcd_send_byte(0, 0x40 | which);  //set cgram address 
....................  
....................    for(i=0; i<8; i++) 
....................    { 
....................       lcd_send_byte(1, *ptr++); 
....................    } 
....................    
....................    #if defined(LCD_EXTENDED_NEWLINE) 
....................     lcd_gotoxy(g_LcdX+1, g_LcdY+1);  //set ddram address 
....................    #endif 
.................... } 
....................  
.................... void lcd_cursor_on(int1 on) 
.................... { 
....................    if (on) 
....................    { 
....................       lcd_send_byte(0,0x0F);           //turn LCD cursor ON 
....................    } 
....................    else 
....................    { 
....................       lcd_send_byte(0,0x0C);           //turn LCD cursor OFF 
....................    } 
.................... } 
....................  
.................... #endif 
....................  
.................... #FUSES XT,NOPROTECT,NOWDT,NOBROWNOUT,PUT,NOLVP 
.................... #BYTE PORTC=7 
.................... #BYTE PORTB=6 
.................... #BYTE PORTA=8 
....................  
.................... int temperatura; 
.................... int luz; 
.................... int prendido; 
.................... char mensage; 
.................... int Timer2, Poscaler; 
....................  
.................... #INT_EXT //interrupcion externa 
.................... void interrupcion(){ 
....................    output_toggle(pin_a0); 
*
0064:  BSF    03.5
0065:  BCF    05.0
0066:  MOVLW  01
0067:  BCF    03.5
0068:  XORWF  05,F
....................    DELAY_MS(200); 
0069:  MOVLW  C8
006A:  MOVWF  42
006B:  CALL   04F
....................    output_toggle(pin_a0); 
006C:  BSF    03.5
006D:  BCF    05.0
006E:  MOVLW  01
006F:  BCF    03.5
0070:  XORWF  05,F
0071:  BCF    0B.1
0072:  BCF    0A.3
0073:  BCF    0A.4
0074:  GOTO   02B
.................... } 
....................  
.................... int calculaTem(int corriente){ 
....................    int temperatura; 
....................    temperatura = corriente*(5/100); 
*
0201:  CLRF   36
....................    return temperatura; 
0202:  MOVF   36,W
0203:  MOVWF  78
0204:  BCF    0A.3
0205:  BCF    0A.4
0206:  GOTO   291 (RETURN)
.................... } 
....................  
.................... int calculaLuz(int corriente){ 
....................    int luz; 
....................    luz = corriente*(5/100); 
*
01DB:  CLRF   36
....................    return luz; 
01DC:  MOVF   36,W
01DD:  MOVWF  78
01DE:  BCF    0A.3
01DF:  BCF    0A.4
01E0:  GOTO   27B (RETURN)
.................... } 
....................  
.................... void apagarLuz(int luz){ 
....................    if(luz<30 && prendido==1){ 
01E1:  MOVF   35,W
01E2:  SUBLW  1D
01E3:  BTFSS  03.0
01E4:  GOTO   1ED
01E5:  DECFSZ 2E,W
01E6:  GOTO   1ED
....................       prendido=0; 
01E7:  CLRF   2E
....................       output_toggle(pin_a1); 
01E8:  BSF    03.5
01E9:  BCF    05.1
01EA:  MOVLW  02
01EB:  BCF    03.5
01EC:  XORWF  05,F
....................    } 
01ED:  BCF    0A.3
01EE:  BCF    0A.4
01EF:  GOTO   280 (RETURN)
.................... } 
....................  
.................... void encenderLuz(int luz){ 
....................    if(luz<30 && prendido==0){ 
01F0:  MOVF   35,W
01F1:  SUBLW  1D
01F2:  BTFSS  03.0
01F3:  GOTO   1FE
01F4:  MOVF   2E,F
01F5:  BTFSS  03.2
01F6:  GOTO   1FE
....................       prendido=1; 
01F7:  MOVLW  01
01F8:  MOVWF  2E
....................       output_toggle(pin_a1); 
01F9:  BSF    03.5
01FA:  BCF    05.1
01FB:  MOVLW  02
01FC:  BCF    03.5
01FD:  XORWF  05,F
....................    } 
01FE:  BCF    0A.3
01FF:  BCF    0A.4
0200:  GOTO   283 (RETURN)
.................... } 
....................  
.................... void MAIN() 
*
0207:  MOVF   03,W
0208:  ANDLW  1F
0209:  MOVWF  03
020A:  MOVLW  FF
020B:  MOVWF  32
020C:  BSF    03.5
020D:  BSF    03.6
020E:  MOVF   09,W
020F:  ANDLW  C0
0210:  MOVWF  09
0211:  BCF    03.6
0212:  BCF    1F.4
0213:  BCF    1F.5
0214:  MOVLW  00
0215:  BSF    03.6
0216:  MOVWF  08
0217:  BCF    03.5
0218:  CLRF   07
0219:  CLRF   08
021A:  CLRF   09
021B:  BCF    03.7
.................... { 
....................    int torch;     //corriente correspondiente al sensor de luz 
....................    int term;      //corriente correspondiente al termometro 
....................     
....................    SET_TRIS_A(0);    //Configura PUERTO A como salida 
021C:  MOVLW  00
021D:  BSF    03.5
021E:  BCF    03.6
021F:  MOVWF  05
....................    SET_TRIS_B(0XFF);    //Configura PUERTO B como entrada 
0220:  MOVLW  FF
0221:  MOVWF  06
....................     
....................     
....................    //configuracion entradas analogicas 
....................    setup_adc(ADC_CLOCK_INTERNAL); //CONFIGURAMOS RELOG INTERNO 
0222:  BCF    03.5
0223:  BSF    1F.6
0224:  BSF    1F.7
0225:  BSF    03.5
0226:  BCF    1F.7
0227:  BCF    03.5
0228:  BSF    1F.0
....................    setup_adc_ports(sAn10);  
0229:  BSF    03.5
022A:  BSF    03.6
022B:  MOVF   09,W
022C:  ANDLW  C0
022D:  IORLW  04
022E:  MOVWF  09
022F:  BCF    03.6
0230:  BCF    1F.4
0231:  BCF    1F.5
0232:  MOVLW  00
0233:  BSF    03.6
0234:  MOVWF  08
....................    setup_adc_ports(sAn8);  
0235:  MOVF   09,W
0236:  ANDLW  C0
0237:  IORLW  01
0238:  MOVWF  09
0239:  BCF    03.6
023A:  BCF    1F.4
023B:  BCF    1F.5
023C:  MOVLW  00
023D:  BSF    03.6
023E:  MOVWF  08
....................        
....................    LCD_INIT();       //Inicializa el LCD 
023F:  BCF    03.5
0240:  BCF    03.6
0241:  GOTO   0F1
....................    LCD_PUTC("\f");  
0242:  MOVLW  75
0243:  BSF    03.6
0244:  MOVWF  0D
0245:  MOVLW  00
0246:  MOVWF  0F
0247:  BCF    03.6
0248:  CALL   185
....................     
....................    //PWM del motor 
....................    //generamos una señal cuadrada de 3Khz 
....................     timer2=187; //se carga el timer 2 187 
0249:  MOVLW  BB
024A:  MOVWF  30
....................     poscaler=1; 
024B:  MOVLW  01
024C:  MOVWF  31
....................     setup_timer_2(t2_div_by_16, Timer2, Poscaler); 
024D:  SUBWF  31,W
024E:  MOVWF  78
024F:  RLF    78,W
0250:  MOVWF  77
0251:  RLF    77,F
0252:  RLF    77,F
0253:  MOVLW  F8
0254:  ANDWF  77,F
0255:  MOVF   77,W
0256:  IORLW  06
0257:  MOVWF  12
0258:  MOVF   30,W
0259:  BSF    03.5
025A:  MOVWF  12
....................     setup_ccp1(ccp_pwm); 
025B:  BCF    03.5
025C:  BCF    32.2
025D:  MOVF   32,W
025E:  BSF    03.5
025F:  MOVWF  07
0260:  BCF    03.5
0261:  BCF    07.2
0262:  MOVLW  0C
0263:  MOVWF  17
0264:  BSF    03.5
0265:  CLRF   1B
0266:  CLRF   1C
0267:  MOVLW  01
0268:  MOVWF  1D
....................     
....................    //interrupciones 
....................    ENABLE_INTERRUPTS(GLOBAL); //Habilita todas las interrupciones 
0269:  MOVLW  C0
026A:  BCF    03.5
026B:  IORWF  0B,F
....................    ENABLE_INTERRUPTS(INT_EXT); //Habilita la interrupción externa 
026C:  BSF    0B.4
....................     
....................    WHILE(TRUE) 
....................    {   
....................       //capturamos la entrada del sensor de luz 
....................       set_adc_channel(10); 
026D:  MOVLW  28
026E:  MOVWF  78
026F:  MOVF   1F,W
0270:  ANDLW  C3
0271:  IORWF  78,W
0272:  MOVWF  1F
....................       torch=read_adc();  
0273:  BSF    1F.1
0274:  BTFSC  1F.1
0275:  GOTO   274
0276:  MOVF   1E,W
0277:  MOVWF  33
....................       luz=calculaLuz(torch); 
0278:  MOVF   33,W
0279:  MOVWF  35
027A:  GOTO   1DB
027B:  MOVF   78,W
027C:  MOVWF  2D
....................        
....................       //desidimmos si apagar la luz , encenderla o ninguna 
....................       apagarLuz(luz); 
027D:  MOVF   2D,W
027E:  MOVWF  35
027F:  GOTO   1E1
....................       encenderLuz(luz); 
0280:  MOVF   2D,W
0281:  MOVWF  35
0282:  GOTO   1F0
....................        
....................       //capturamos la entrada del censor de temperatura 
....................       set_adc_channel(8); 
0283:  MOVLW  20
0284:  MOVWF  78
0285:  MOVF   1F,W
0286:  ANDLW  C3
0287:  IORWF  78,W
0288:  MOVWF  1F
....................       term=read_adc(); 
0289:  BSF    1F.1
028A:  BTFSC  1F.1
028B:  GOTO   28A
028C:  MOVF   1E,W
028D:  MOVWF  34
....................       temperatura=calculaTem(term); 
028E:  MOVF   34,W
028F:  MOVWF  35
0290:  GOTO   201
0291:  MOVF   78,W
0292:  MOVWF  2C
....................        
....................       //desidimos si ensender el ventilador 
....................       if(temperatura>30){ 
0293:  MOVF   2C,W
0294:  SUBLW  1E
0295:  BTFSC  03.0
0296:  GOTO   2C9
....................          set_pwm1_duty(term); 
0297:  MOVF   34,W
0298:  MOVWF  15
....................        
....................       LCD_GOTOXY(3,1);        
0299:  MOVLW  03
029A:  MOVWF  39
029B:  MOVLW  01
029C:  MOVWF  3A
029D:  CALL   141
....................       LCD_PUTC("INVERNADERO LAB DE MICROS");     
029E:  MOVLW  76
029F:  BSF    03.6
02A0:  MOVWF  0D
02A1:  MOVLW  00
02A2:  MOVWF  0F
02A3:  BCF    03.6
02A4:  CALL   185
....................       LCD_GOTOXY(6,2);        
02A5:  MOVLW  06
02A6:  MOVWF  39
02A7:  MOVLW  02
02A8:  MOVWF  3A
02A9:  CALL   141
....................       LCD_PUTC("Iluminacion: "+luz); 
02AA:  MOVLW  00
02AB:  MOVWF  7A
02AC:  MOVLW  83
02AD:  MOVWF  35
02AE:  MOVF   7A,W
02AF:  MOVWF  36
02B0:  MOVF   2D,W
02B1:  ADDWF  35,F
02B2:  BTFSC  03.0
02B3:  INCF   36,F
02B4:  MOVF   35,W
02B5:  MOVWF  38
02B6:  CALL   153
....................       LCD_GOTOXY(9,2);        
02B7:  MOVLW  09
02B8:  MOVWF  39
02B9:  MOVLW  02
02BA:  MOVWF  3A
02BB:  CALL   141
....................       LCD_PUTC("temperadura: "+temperatura);   
02BC:  MOVLW  00
02BD:  MOVWF  7A
02BE:  MOVLW  91
02BF:  MOVWF  35
02C0:  MOVF   7A,W
02C1:  MOVWF  36
02C2:  MOVF   2C,W
02C3:  ADDWF  35,F
02C4:  BTFSC  03.0
02C5:  INCF   36,F
02C6:  MOVF   35,W
02C7:  MOVWF  38
02C8:  CALL   153
....................       } 
02C9:  GOTO   26D
....................    }  
.................... } 
02CA:  SLEEP

Configuration Fuses:
   Word  1: 2CE1   XT NOWDT PUT MCLR NOPROTECT NOCPD NOBROWNOUT IESO FCMEN NOLVP NODEBUG
   Word  2: 3FFF   BORV40 NOWRT
