
ROM used:   715/8192 (9%)
            715/8192 (9%) including unused fragments

            0.5 Average locations per line
            5.5 Average locations per statement

RAM used:   28/368 (8%) at main() level
            40/368 (11%) worst case

Stack used: 7 worst case (5 in main + 2 for interrupts)
Stack size: 8

Lines Stmts  %   Files
----- ----- ---  -----
  107    47  36  proyecto.c
  768     0   0  ..\..\..\..\..\..\..\AppData\Local\Temp\~sfx00004F90\Devices\16F887.H
  456    84  64  ..\..\..\..\..\..\..\AppData\Local\Temp\~sfx00004F90\Drivers\LCD.C
----- -----
 1331   131 Total

Page ROM  %  RAM   Vol Diff  Functions:
---- --- --- ---   --- ----  ----------
0     21   3    1             @delay_ms1
 Inline         3   596  5.9  lcd_read_byte
0      6   1    0    59  4.2  lcd_read_nibble
0     12   2    1   179  3.3  lcd_send_nibble
0     64   9    3   460  4.7  lcd_send_byte
0     80  11    6   814  7.2  lcd_init
0     18   3    4   208  6.3  lcd_gotoxy
0     50   7    1   354  4.7  lcd_putc
0     17   2    0    48  1.1  interrupcion
0      6   1    2    78  3.1  calculaTem
0      6   1    2    78  3.1  calculaLuz
0     15   2    1    95  3.3  apagarLuz
0     17   2    1    95  3.3  encenderLuz
0    196  27    4   947  4.4  MAIN
0      1   0    0             @const683
0     86  12    4             @PSTRINGC7_646
0     13   2    0             @const686
0     14   2    0             @const687
0     14   2    0             @const688
 Inline         0             @cinit1

Program metrics:
    Functions               13
    Statements              131
    Comments                250
    Volume (V)              6432
    Difficulty (D)          54.1
    Effort to implement (E) 347838
    Time to implement (T)   5 hours, 22 minutes
    Est Delivered Bugs (B)  2
    Cyclomatic Complexity   11
    Maintainability (MI)    126

 Segment     Used  Free
-----------  ----  ----
00000-00003     4  0  
00004-0004E    75  0  
0004F-007FF   636  1333  
00800-00FFF     0  2048  
01000-017FF     0  2048  
01800-01FFF     0  2048  



